2023-08-04 14:43:46.740  INFO 17184 --- [restartedMain] com.mygroup.sbb.SbbApplication           : Starting SbbApplication using Java 17.0.7 with PID 17184 (C:\Users\user\project\sbb-project\sbb\bin\main started by user in C:\Users\user\project\sbb-project\sbb)
2023-08-04 14:43:46.742  INFO 17184 --- [restartedMain] com.mygroup.sbb.SbbApplication           : No active profile set, falling back to 1 default profile: "default"
2023-08-04 14:43:47.091  INFO 17184 --- [restartedMain] .e.DevToolsPropertyDefaultsPostProcessor : Devtools property defaults active! Set 'spring.devtools.add-properties' to 'false' to disable
2023-08-04 14:43:47.092  INFO 17184 --- [restartedMain] .e.DevToolsPropertyDefaultsPostProcessor : For additional web related logging consider setting the 'logging.level.web' property to 'DEBUG'
2023-08-04 14:43:47.903  INFO 17184 --- [restartedMain] .s.d.r.c.RepositoryConfigurationDelegate : Bootstrapping Spring Data JPA repositories in DEFAULT mode.
2023-08-04 14:43:47.978  INFO 17184 --- [restartedMain] .s.d.r.c.RepositoryConfigurationDelegate : Finished Spring Data repository scanning in 59 ms. Found 3 JPA repository interfaces.
2023-08-04 14:43:48.858  INFO 17184 --- [restartedMain] o.s.b.w.embedded.tomcat.TomcatWebServer  : Tomcat initialized with port(s): 8080 (http)
2023-08-04 14:43:48.868  INFO 17184 --- [restartedMain] o.apache.catalina.core.StandardService   : Starting service [Tomcat]
2023-08-04 14:43:48.869  INFO 17184 --- [restartedMain] o.apache.catalina.core.StandardEngine    : Starting Servlet engine: [Apache Tomcat/10.1.11]
2023-08-04 14:43:48.947  INFO 17184 --- [restartedMain] o.a.c.c.C.[Tomcat].[localhost].[/]       : Initializing Spring embedded WebApplicationContext
2023-08-04 14:43:48.948  INFO 17184 --- [restartedMain] w.s.c.ServletWebServerApplicationContext : Root WebApplicationContext: initialization completed in 1855 ms
2023-08-04 14:43:48.979  INFO 17184 --- [restartedMain] com.zaxxer.hikari.HikariDataSource       : HikariPool-1 - Starting...
2023-08-04 14:43:49.216  INFO 17184 --- [restartedMain] com.zaxxer.hikari.pool.HikariPool        : HikariPool-1 - Added connection conn0: url=jdbc:h2:~/local user=SA
2023-08-04 14:43:49.219  INFO 17184 --- [restartedMain] com.zaxxer.hikari.HikariDataSource       : HikariPool-1 - Start completed.
2023-08-04 14:43:49.231  INFO 17184 --- [restartedMain] o.s.b.a.h2.H2ConsoleAutoConfiguration    : H2 console available at '/h2-console'. Database available at 'jdbc:h2:~/local'
2023-08-04 14:43:49.377  INFO 17184 --- [restartedMain] o.hibernate.jpa.internal.util.LogHelper  : HHH000204: Processing PersistenceUnitInfo [name: default]
2023-08-04 14:43:49.453  INFO 17184 --- [restartedMain] org.hibernate.Version                    : HHH000412: Hibernate ORM core version 6.2.6.Final
2023-08-04 14:43:49.456  INFO 17184 --- [restartedMain] org.hibernate.cfg.Environment            : HHH000406: Using bytecode reflection optimizer
2023-08-04 14:43:49.668  INFO 17184 --- [restartedMain] o.h.b.i.BytecodeProviderInitiator        : HHH000021: Bytecode provider name : bytebuddy
2023-08-04 14:43:49.824  INFO 17184 --- [restartedMain] o.s.o.j.p.SpringPersistenceUnitInfo      : No LoadTimeWeaver setup: ignoring JPA class transformer
2023-08-04 14:43:50.101  INFO 17184 --- [restartedMain] o.h.b.i.BytecodeProviderInitiator        : HHH000021: Bytecode provider name : bytebuddy
2023-08-04 14:43:50.932  INFO 17184 --- [restartedMain] o.h.e.t.j.p.i.JtaPlatformInitiator       : HHH000490: Using JtaPlatform implementation: [org.hibernate.engine.transaction.jta.platform.internal.NoJtaPlatform]
2023-08-04 14:43:50.997  INFO 17184 --- [restartedMain] j.LocalContainerEntityManagerFactoryBean : Initialized JPA EntityManagerFactory for persistence unit 'default'
2023-08-04 14:43:51.307  WARN 17184 --- [restartedMain] ocalVariableTableParameterNameDiscoverer : Using deprecated '-debug' fallback for parameter name resolution. Compile the affected code with '-parameters' instead or avoid its introspection: com.mygroup.sbb.question.QuestionRepository
2023-08-04 14:43:51.416  WARN 17184 --- [restartedMain] ocalVariableTableParameterNameDiscoverer : Using deprecated '-debug' fallback for parameter name resolution. Compile the affected code with '-parameters' instead or avoid its introspection: com.mygroup.sbb.user.UserRepository
2023-08-04 14:43:51.504  WARN 17184 --- [restartedMain] JpaBaseConfiguration$JpaWebConfiguration : spring.jpa.open-in-view is enabled by default. Therefore, database queries may be performed during view rendering. Explicitly configure spring.jpa.open-in-view to disable this warning
2023-08-04 14:43:51.661  INFO 17184 --- [restartedMain] o.s.s.web.DefaultSecurityFilterChain     : Will secure any request with [org.springframework.security.web.session.DisableEncodeUrlFilter@2f77bc06, org.springframework.security.web.context.request.async.WebAsyncManagerIntegrationFilter@118591d7, org.springframework.security.web.context.SecurityContextHolderFilter@7f6b0646, org.springframework.security.web.header.HeaderWriterFilter@8ed14ae, org.springframework.security.web.csrf.CsrfFilter@f8785c3, org.springframework.security.web.authentication.logout.LogoutFilter@188fe5a, org.springframework.security.web.authentication.UsernamePasswordAuthenticationFilter@50f04523, org.springframework.security.web.savedrequest.RequestCacheAwareFilter@538867cd, org.springframework.security.web.servletapi.SecurityContextHolderAwareRequestFilter@7c9c00e, org.springframework.security.web.authentication.AnonymousAuthenticationFilter@4fcb424e, org.springframework.security.web.access.ExceptionTranslationFilter@3b5243a5, org.springframework.security.web.access.intercept.AuthorizationFilter@291c1c1a]
2023-08-04 14:43:52.113  INFO 17184 --- [restartedMain] o.s.b.d.a.OptionalLiveReloadServer       : LiveReload server is running on port 35729
2023-08-04 14:43:52.150  INFO 17184 --- [restartedMain] o.s.b.w.embedded.tomcat.TomcatWebServer  : Tomcat started on port(s): 8080 (http) with context path ''
2023-08-04 14:43:52.161  INFO 17184 --- [restartedMain] com.mygroup.sbb.SbbApplication           : Started SbbApplication in 5.866 seconds (process running for 6.542)
